<?xml version="1.0" encoding="UTF-8"?>
<!-- Generated by org.testng.reporters.JUnitReportReporter -->
<testsuite hostname="ashishsri" failures="0" tests="4" name="Alltestcases.TestCase" time="0.988" errors="0" timestamp="04 Mar 2023 13:32:02 GMT" skipped="3">
  <testcase classname="Alltestcases.TestCase" name="Login" time="0.988"/>
  <testcase classname="Alltestcases.TestCase" name="Register">
    <skipped/>
  </testcase> <!-- Register -->
  <testcase classname="Alltestcases.TestCase" name="Logout">
    <skipped/>
  </testcase> <!-- Logout -->
  <testcase classname="Alltestcases.TestCase" name="FillRegPg">
    <skipped/>
  </testcase> <!-- FillRegPg -->
</testsuite> <!-- Alltestcases.TestCase -->
