<?xml version="1.0" encoding="UTF-8"?>
<!-- Generated by org.testng.reporters.JUnitReportReporter -->
<testsuite hostname="ashishsri" failures="0" tests="2" name="MyntaTestCases.Search_test" time="27.781" errors="0" timestamp="2023-03-07T11:57:39 IST" skipped="1">
  <testcase classname="MyntaTestCases.Search_test" name="SearchProduct" time="27.781"/>
  <system-out/>
  <testcase classname="MyntaTestCases.Search_test" name="AddToCart">
    <skipped/>
  </testcase> <!-- AddToCart -->
  <system-out/>
</testsuite> <!-- MyntaTestCases.Search_test -->
