<?xml version="1.0" encoding="UTF-8"?>
<!-- Generated by org.testng.reporters.JUnitReportReporter -->
<testsuite hostname="ashishsri" failures="0" tests="1" name="Alltestcases.AllAlerts" time="16.079" errors="0" timestamp="2023-03-06T19:07:28 IST" skipped="0">
  <testcase classname="Alltestcases.AllAlerts" name="Alerts" time="16.079"/>
  <system-out/>
</testsuite> <!-- Alltestcases.AllAlerts -->
