<?xml version="1.0" encoding="UTF-8"?>
<!-- Generated by org.testng.reporters.JUnitReportReporter -->
<testsuite hostname="ashishsri" failures="0" tests="1" name="utility.ReadExcelFile" time="0.637" errors="0" timestamp="2023-03-06T21:33:49 IST" skipped="0">
  <testcase classname="utility.ReadExcelFile" name="GetcellValue" time="0.637"/>
  <system-out/>
</testsuite> <!-- utility.ReadExcelFile -->
