<?xml version="1.0" encoding="UTF-8"?>
<!-- Generated by org.testng.reporters.JUnitReportReporter -->
<testsuite hostname="ashishsri" failures="0" tests="1" name="Alltestcases.FirstTestcase" time="0.008" errors="0" timestamp="03 Mar 2023 17:03:21 GMT" skipped="0">
  <testcase classname="Alltestcases.FirstTestcase" name="testcase1" time="0.008"/>
</testsuite> <!-- Alltestcases.FirstTestcase -->
