<?xml version="1.0" encoding="UTF-8"?>
<!-- Generated by org.testng.reporters.JUnitReportReporter -->
<testsuite hostname="ashishsri" failures="0" tests="2" name="utility.ReadPropertyFile" time="0.007" errors="0" timestamp="2023-03-05T13:39:54 IST" skipped="1">
  <testcase classname="utility.ReadPropertyFile" name="geturl" time="0.007"/>
  <system-out/>
  <testcase classname="utility.ReadPropertyFile" name="getbrowser">
    <skipped/>
  </testcase> <!-- getbrowser -->
  <system-out/>
</testsuite> <!-- utility.ReadPropertyFile -->
